#
# There is insufficient memory for the Java Runtime Environment to continue.
# Native memory allocation (mmap) failed to map 268435456 bytes for G1 virtual space
# Possible reasons:
#   The system is out of physical RAM or swap space
#   The process is running with CompressedOops enabled, and the Java Heap may be blocking the growth of the native heap
# Possible solutions:
#   Reduce memory load on the system
#   Increase physical memory or swap space
#   Check if swap backing store is full
#   Decrease Java heap size (-Xmx/-Xms)
#   Decrease number of Java threads
#   Decrease Java thread stack sizes (-Xss)
#   Set larger code cache with -XX:ReservedCodeCacheSize=
#   JVM is running with Unscaled Compressed Oops mode in which the Java heap is
#     placed in the first 4GB address space. The Java Heap base address is the
#     maximum limit for the native heap growth. Please use -XX:HeapBaseMinAddress
#     to set the Java Heap base and to place the Java Heap above 4GB virtual address.
# This output file may be truncated or incomplete.
#
#  Out of Memory Error (os_windows.cpp:3613), pid=22044, tid=18520
#
# JRE version:  (17.0.10+7) (build )
# Java VM: OpenJDK 64-Bit Server VM (17.0.10+7, mixed mode, emulated-client, sharing, tiered, compressed oops, compressed class ptrs, g1 gc, windows-amd64)
# No core dump will be written. Minidumps are not enabled by default on client versions of Windows
#

---------------  S U M M A R Y ------------

Command Line: -Xmx1024m -Dsts.lsp.client=vscode -Dsts.log.file=/dev/null -XX:TieredStopAtLevel=1 -Xlog:jni+resolve=off -Dspring.config.location=file:c:\Users\Crispus\.vscode\extensions\vmware.vscode-spring-boot-1.54.0\language-server\BOOT-INF\classes\application.properties org.springframework.ide.vscode.boot.app.BootLanguageServerBootApp

Host: Intel(R) Core(TM) i7-6600U CPU @ 2.60GHz, 4 cores, 15G,  Windows 10 , 64 bit Build 19041 (10.0.19041.3636)
Time: Mon May 13 16:14:08 2024 Paris, Madrid (heure duild 19041 (10.0.19041.3636) elapsed time: 0.048522 seconds (0d 0h 0m 0s)

---------------  T H R E A D  ---------------

Current thread (0x00000159b9a7cb10):  JavaThread "Unknown thread" [_thread_in_vm, id=18520, stack(0x000000326ad00000,0x000000326ae00000)]

Stack: [0x000000326ad00000,0x000000326ae00000]
Native frames: (J=compiled Java code, j=interpreted, Vv=VM code, C=native code)
V  [jvm.dll+0x67d2c9]
V  [jvm.dll+0x834afa]
V  [jvm.dll+0x8365be]
V  [jvm.dll+0x836c23]
V  [jvm.dll+0x2477ff]
V  [jvm.dll+0x67a109]
V  [jvm.dll+0x66eb7a]
V  [jvm.dll+0x30764b]
V  [jvm.dll+0x30eaf6]
V  [jvm.dll+0x35e83e]
V  [jvm.dll+0x35ea6f]
V  [jvm.dll+0x2de248]
V  [jvm.dll+0x2df1b4]
V  [jvm.dll+0x806361]
V  [jvm.dll+0x36c6f1]
V  [jvm.dll+0x7e4e06]
V  [jvm.dll+0x3eff3f]
V  [jvm.dll+0x3f1b71]
C  [jli.dll+0x528f]
C  [ucrtbase.dll+0x21bb2]
C  [KERNEL32.DLL+0x17344]
C  [ntdll.dll+0x526b1]


---------------  P R O C E S S  ---------------

Threads class SMR info:
_java_thread_list=0x00007ffa37bdee98, length=0, elements={
}

Java Threads: ( => current thread )

Other Threads:
  0x00000159b9ab7da0 GCTaskThread "GC Thread#0" [stack: 0x000000326ae00000,0x000000326af00000] [id=13412]
  0x00000159b9ac0c00 ConcurrentGCThread "G1 Main Marker" [stack: 0x000000326af00000,0x000000326b000000] [id=4940]
  0x00000159b9ac2630 ConcurrentGCThread "G1 Conc#0" [stack: 0x000000326b000000,0x000000326b100000] [id=25340]

[error occurred during error reporting (printing all threads), id 0xc0000005, EXCEPTION_ACCESS_VIOLATION (0xc0000005) at pc=0x00007ffa3739ec87]

VM state: not at safepoint (not fully initialized)

VM Mutex/Monitor currently owned by a thread:  ([mutex/lock_event])
[0x00000159b9a79e50] Heap_lock - owner thread: 0x00000159b9a7cb10

Heap address: 0x00000000c0000000, size: 1024 MB, Compressed Oops mode: 32-bit

CDS archive(s) mapped at: [0x0000000000000000-0x0000000000000000-0x0000000000000000), size 0, SharedBaseAddress: 0x0000000800000000, ArchiveRelocationMode: 1.
Narrow klass base: 0x0000000000000000, Narrow klass shift: 0, Narrow klass range: 0x0

GC Precious Log:
<Empty>

Heap:
 garbage-first heap   total 0K, used 0K [0x00000000c0000000, 0x0000000100000000)
  region size 1024K, 0 young (0K), 0 survivors (0K)

[error occurred during error reporting (printing heap information), id 0xc0000005, EXCEPTION_ACCESS_VIOLATION (0xc0000005) at pc=0x00007ffa37786fb9]

GC Heap History (0 events):
No events

Dll operation events (1 events):
Event: 0.022 Loaded shared library c:\Users\Crispus\.vscode\extensions\redhat.java-1.30.0-win32-x64\jre\17.0.10-win32-x86_64\bin\java.dll

Deoptimization events (0 events):
No events

Classes unloaded (0 events):
No events

Classes redefined (0 events):
No events

Internal exceptions (0 events):
No events

VM Operations (0 events):
No events

Events (0 events):
No events


Dynamic libraries:
0x00007ff62fd50000 - 0x00007ff62fd5e000 	c:\Users\Crispus\.vscode\extensions\redhat.java-1.30.0-win32-x64\jre\17.0.10-win32-x86_64\bin\java.exe
0x00007ffad7570000 - 0x00007ffad7768000 	C:\Windows\SYSTEM32\ntdll.dll
0x00007ffad7230000 - 0x00007ffad72ed000 	C:\Windows\System32\KERNEL32.DLL
0x00007ffad51f0000 - 0x00007ffad54e6000 	C:\Windows\System32\KERNELBASE.dll
0x00007ffad23c0000 - 0x00007ffad2450000 	C:\Windows\SYSTEM32\apphelp.dll
0x00007ffad4f20000 - 0x00007ffad5020000 	C:\Windows\System32\ucrtbase.dll
0x00007ffac6cd0000 - 0x00007ffac6ce7000 	c:\Users\Crispus\.vscode\extensions\redhat.java-1.30.0-win32-x64\jre\17.0.10-win32-x86_64\bin\jli.dll
0x00007ffad6060000 - 0x00007ffad61ff000 	C:\Windows\System32\USER32.dll
0x00007ffad4ef0000 - 0x00007ffad4f12000 	C:\Windows\System32\win32u.dll
0x00007ffad7480000 - 0x00007ffad74ab000 	C:\Windows\System32\GDI32.dll
0x00007ffad4dd0000 - 0x00007ffad4ee7000 	C:\Windows\System32\gdi32full.dll
0x00007ffad4c20000 - 0x00007ffad4cbd000 	C:\Windows\System32\msvcp_win.dll
0x00007ffabd770000 - 0x00007ffabda0a000 	C:\Windows\WinSxS\amd64_microsoft.windows.common-controls_6595b64144ccf1df_6.0.19041.3636_none_60b6a03d71f818d5\COMCTL32.dll
0x00007ffac48e0000 - 0x00007ffac48fb000 	c:\Users\Crispus\.vscode\extensions\redhat.java-1.30.0-win32-x64\jre\17.0.10-win32-x86_64\bin\VCRUNTIME140.dll
0x00007ffad5f60000 - 0x00007ffad5ffe000 	C:\Windows\System32\msvcrt.dll
0x00007ffad72f0000 - 0x00007ffad7322000 	C:\Windows\System32\IMM32.DLL
0x00007ffac7050000 - 0x00007ffac705c000 	c:\Users\Crispus\.vscode\extensions\redhat.java-1.30.0-win32-x64\jre\17.0.10-win32-x86_64\bin\vcruntime140_1.dll
0x00007ffa907f0000 - 0x00007ffa9087d000 	c:\Users\Crispus\.vscode\extensions\redhat.java-1.30.0-win32-x64\jre\17.0.10-win32-x86_64\bin\msvcp140.dll
0x00007ffa370b0000 - 0x00007ffa37d12000 	c:\Users\Crispus\.vscode\extensions\redhat.java-1.30.0-win32-x64\jre\17.0.10-win32-x86_64\bin\server\jvm.dll
0x00007ffad5eb0000 - 0x00007ffad5f60000 	C:\Windows\System32\ADVAPI32.dll
0x00007ffad73e0000 - 0x00007ffad7480000 	C:\Windows\System32\sechost.dll
0x00007ffad5d80000 - 0x00007ffad5ea3000 	C:\Windows\System32\RPCRT4.dll
0x00007ffad4d50000 - 0x00007ffad4d77000 	C:\Windows\System32\bcrypt.dll
0x00007ffad4a80000 - 0x00007ffad4acb000 	C:\Windows\SYSTEM32\POWRPROF.dll
0x00007ffab38d0000 - 0x00007ffab38d9000 	C:\Windows\SYSTEM32\WSOCK32.dll
0x00007ffad69b0000 - 0x00007ffad6a1b000 	C:\Windows\System32\WS2_32.dll
0x00007ffac6710000 - 0x00007ffac6737000 	C:\Windows\SYSTEM32\WINMM.dll
0x00007ffac8280000 - 0x00007ffac828a000 	C:\Windows\SYSTEM32\VERSION.dll
0x00007ffad4a60000 - 0x00007ffad4a72000 	C:\Windows\SYSTEM32\UMPDC.dll
0x00007ffad2a70000 - 0x00007ffad2a82000 	C:\Windows\SYSTEM32\kernel.appcore.dll
0x00007ffac5e60000 - 0x00007ffac5e6a000 	c:\Users\Crispus\.vscode\extensions\redhat.java-1.30.0-win32-x64\jre\17.0.10-win32-x86_64\bin\jimage.dll
0x00007ffabf5f0000 - 0x00007ffabf7d4000 	C:\Windows\SYSTEM32\DBGHELP.DLL
0x00007ffaa94a0000 - 0x00007ffaa94d4000 	C:\Windows\SYSTEM32\dbgcore.DLL
0x00007ffad4cc0000 - 0x00007ffad4d42000 	C:\Windows\System32\bcryptPrimitives.dll
0x00007ffaa2150000 - 0x00007ffaa2175000 	c:\Users\Crispus\.vscode\extensions\redhat.java-1.30.0-win32-x64\jre\17.0.10-win32-x86_64\bin\java.dll

dbghelp: loaded successfully - version: 4.0.5 - missing functions: none
symbol engine: initialized successfully - sym options: 0x614 - pdb path: .;c:\Users\Crispus\.vscode\extensions\redhat.java-1.30.0-win32-x64\jre\17.0.10-win32-x86_64\bin;C:\Windows\SYSTEM32;C:\Windows\WinSxS\amd64_microsoft.windows.common-controls_6595b64144ccf1df_6.0.19041.3636_none_60b6a03d71f818d5;c:\Users\Crispus\.vscode\extensions\redhat.java-1.30.0-win32-x64\jre\17.0.10-win32-x86_64\bin\server

VM Arguments:
jvm_args: -Xmx1024m -Dsts.lsp.client=vscode -Dsts.log.file=/dev/null -XX:TieredStopAtLevel=1 -Xlog:jni+resolve=off -Dspring.config.location=file:c:\Users\Crispus\.vscode\extensions\vmware.vscode-spring-boot-1.54.0\language-server\BOOT-INF\classes\application.properties 
java_command: org.springframework.ide.vscode.boot.app.BootLanguageServerBootApp
java_class_path (initial): c:\Users\Crispus\.vscode\extensions\vmware.vscode-spring-boot-1.54.0\language-server\BOOT-INF\classes;c:\Users\Crispus\.vscode\extensions\vmware.vscode-spring-boot-1.54.0\language-server\BOOT-INF\lib\annotations-24.1.0.jar;c:\Users\Crispus\.vscode\extensions\vmware.vscode-spring-boot-1.54.0\language-server\BOOT-INF\lib\antlr4-runtime-4.13.1.jar;c:\Users\Crispus\.vscode\extensions\vmware.vscode-spring-boot-1.54.0\language-server\BOOT-INF\lib\asm-9.7.jar;c:\Users\Crispus\.vscode\extensions\vmware.vscode-spring-boot-1.54.0\language-server\BOOT-INF\lib\asm-analysis-9.7.jar;c:\Users\Crispus\.vscode\extensions\vmware.vscode-spring-boot-1.54.0\language-server\BOOT-INF\lib\asm-tree-9.7.jar;c:\Users\Crispus\.vscode\extensions\vmware.vscode-spring-boot-1.54.0\language-server\BOOT-INF\lib\asm-util-9.7.jar;c:\Users\Crispus\.vscode\extensions\vmware.vscode-spring-boot-1.54.0\language-server\BOOT-INF\lib\caffeine-3.1.8.jar;c:\Users\Crispus\.vscode\extensions\vmware.vscode-spring-boot-1.54.0\language-server\BOOT-INF\lib\checker-qual-3.12.0.jar;c:\Users\Crispus\.vscode\extensions\vmware.vscode-spring-boot-1.54.0\language-server\BOOT-INF\lib\classgraph-4.8.149.jar;c:\Users\Crispus\.vscode\extensions\vmware.vscode-spring-boot-1.54.0\language-server\BOOT-INF\lib\commons-codec-1.16.1.jar;c:\Users\Crispus\.vscode\extensions\vmware.vscode-spring-boot-1.54.0\language-server\BOOT-INF\lib\commons-compress-1.26.1.jar;c:\Users\Crispus\.vscode\extensions\vmware.vscode-spring-boot-1.54.0\language-server\BOOT-INF\lib\commons-io-2.4.jar;c:\Users\Crispus\.vscode\extensions\vmware.vscode-spring-boot-1.54.0\language-server\BOOT-INF\lib\commons-java-1.54.0-SNAPSHOT.jar;c:\Users\Crispus\.vscode\extensions\vmware.vscode-spring-boot-1.54.0\language-server\BOOT-INF\lib\commons-lang3-3.13.0.jar;c:\Users\Crispus\.vscode\extensions\vmware.vscode-spring-boot-1.54.0\language-server\BOOT-INF\lib\commons-language-server-1.54.0-SNAPSHOT.jar;c:\Users\Crispus\.vscode\extensions\vmware.
Launcher Type: SUN_STANDARD

[Global flags]
     intx CICompilerCount                          = 3                                         {product} {ergonomic}
     uint ConcGCThreads                            = 1                                         {product} {ergonomic}
     uint G1ConcRefinementThreads                  = 4                                         {product} {ergonomic}
   size_t G1HeapRegionSize                         = 1048576                                   {product} {ergonomic}
    uintx GCDrainStackTargetSize                   = 64                                        {product} {ergonomic}
   size_t InitialHeapSize                          = 268435456                                 {product} {ergonomic}
   size_t MarkStackSize                            = 4194304                                   {product} {ergonomic}
   size_t MaxHeapSize                              = 1073741824                                {product} {command line}
   size_t MinHeapDeltaBytes                        = 1048576                                   {product} {ergonomic}
   size_t MinHeapSize                              = 8388608                                   {product} {ergonomic}
    uintx NonProfiledCodeHeapSize                  = 0                                      {pd product} {ergonomic}
     bool ProfileInterpreter                       = false                                  {pd product} {command line}
    uintx ProfiledCodeHeapSize                     = 0                                      {pd product} {ergonomic}
   size_t SoftMaxHeapSize                          = 1073741824                             {manageable} {ergonomic}
     intx TieredStopAtLevel                        = 1                                         {product} {command line}
     bool UseCompressedClassPointers               = true                           {product lp64_product} {ergonomic}
     bool UseCompressedOops                        = true                           {product lp64_product} {ergonomic}
     bool UseG1GC                                  = true                                      {product} {ergonomic}
     bool UseLargePagesIndividualAllocation        = false                                  {pd product} {ergonomic}

Logging:
Log output configuration:
 #0: stdout all=warning,jni+resolve=off uptime,level,tags (reconfigured)
 #1: stderr all=off uptime,level,tags

Environment Variables:
JAVA_HOME=C:\Program Files\Java\jdk-21
PATH=C:\Users\Crispus\Downloads\WINDOWS.X64_213000_db_home\bin;C:\Program Files\Common Files\Oracle\Java\javapath;C:\Windows\system32;C:\Windows;C:\Windows\System32\Wbem;C:\Windows\System32\WindowsPowerShell\v1.0\;C:\Windows\System32\OpenSSH\;C:\Program Files\Git\cmd;C:\xampp\php;C:\ProgramData\ComposerSetup\bin;C:\Program Files\Java\jdk-21;C:\Users\Crispus\AppData\Roaming\nvm;C:\Program Files\nodejs;";C:\Program Files\Java\jdk-21\bin";C:\sqlite;C:\Program Files (x86)\scala\bin;C:\Program Files (x86)\sbt\bin;C:\terraform;;C:\Program Files\Docker\Docker\resources\bin;C:\Program Files\Microsoft SQL Server\150\Tools\Binn\;C:\Program Files\Microsoft SQL Server\Client SDK\ODBC\170\Tools\Binn\;C:\Program Files\dotnet\;C:\Users\Crispus\AppData\Local\Microsoft\WindowsApps;C:\Users\Crispus\AppData\Local\Programs\Microsoft VS Code\bin;C:\Users\Crispus\AppData\Roaming\Composer\vendor\bin;C:\Users\Crispus\AppData\Roaming\npm;C:\Users\Crispus\AppData\Roaming\nvm;C:\Program Files\nodejs;C:\Users\Crispus\AppData\Local\Google\Cloud SDK\google-cloud-sdk\bin;C:\Users\Crispus\.dotnet\tools
USERNAME=Crispus
OS=Windows_NT
PROCESSOR_IDENTIFIER=Intel64 Family 6 Model 78 Stepping 3, GenuineIntel
TMP=C:\Users\Crispus\AppData\Local\Temp
TEMP=C:\Users\Crispus\AppData\Local\Temp



Periodic native trim disabled


---------------  S Y S T E M  ---------------

OS:
 Windows 10 , 64 bit Build 19041 (10.0.19041.3636)
OS uptime: 27 days 8:16 hours
Hyper-V role detected

CPU: total 4 (initial active 4) (2 cores per cpu, 2 threads per core) family 6 model 78 stepping 3 microcode 0xf0, cx8, cmov, fxsr, ht, mmx, 3dnowpref, sse, sse2, sse3, ssse3, sse4.1, sse4.2, popcnt, lzcnt, tsc, tscinvbit, avx, avx2, aes, erms, clmul, bmi1, bmi2, rtm, adx, fma, vzeroupper, clflush, clflushopt, hv
Processor Information for all 4 processors :
  Max Mhz: 2808, Current Mhz: 2607, Mhz Limit: 2583

Memory: 4k page, system-wide physical 16259M (1393M free)
TotalPageFile size 39725M (AvailPageFile size 210M)
current process WorkingSet (physical memory assigned to process): 11M, peak: 11M
current process commit charge ("private bytes"): 46M, peak: 302M

vm_info: OpenJDK 64-Bit Server VM (17.0.10+7) for windows-amd64 JRE (17.0.10+7), built on Jan 16 2024 23:25:11 by "admin" with MS VC++ 16.10 / 16.11 (VS2019)

END.
